TN:
SF:solidity/contracts/ConnextModuleFactory.sol
FN:26,ConnextModuleFactory.createModule
FN:41,ConnextModuleFactory.xReceive
FN:68,ConnextModuleFactory._createSafeAndModule
FN:129,ConnextModuleFactory.enableModuleFromFactory
FNDA:4,ConnextModuleFactory._createSafeAndModule
FNDA:1,ConnextModuleFactory.createModule
FNDA:2,ConnextModuleFactory.xReceive
FNDA:5,ConnextModuleFactory.enableModuleFromFactory
FNF:4
FNH:4
DA:30,1
DA:50,2
DA:53,1
DA:54,1
DA:56,1
DA:74,4
DA:75,4
DA:76,4
DA:89,4
DA:110,4
DA:111,4
DA:113,4
DA:115,1
DA:121,4
DA:122,4
DA:130,5
LF:16
LH:16
end_of_record
