TN:
SF:solidity/contracts/ConnextModuleFactory.sol
FN:26,ConnextModuleFactory.createModule
FN:41,ConnextModuleFactory.xReceive
FN:62,ConnextModuleFactory._createSafeAndModule
FN:123,ConnextModuleFactory.enableModuleFromFactory
FNDA:2,ConnextModuleFactory.xReceive
FNDA:1,ConnextModuleFactory.createModule
FNDA:4,ConnextModuleFactory._createSafeAndModule
FNDA:5,ConnextModuleFactory.enableModuleFromFactory
FNF:4
FNH:4
DA:30,1
DA:50,2
DA:53,1
DA:54,1
DA:56,1
DA:68,4
DA:69,4
DA:70,4
DA:83,4
DA:105,4
DA:106,4
DA:108,4
DA:110,1
DA:116,4
DA:117,4
DA:124,5
LF:16
LH:16
end_of_record
